<?xml version="1.0" encoding="UTF-8"?>
<!-- Generated by org.testng.reporters.JUnitReportReporter -->
<testsuite hostname="AAPUs-MacBook-Air.local" failures="0" tests="1" name="testrunner1.TestRunner" time="15.516" errors="0" timestamp="2025-07-12T11:19:41 EDT" skipped="0">
  <testcase classname="testrunner1.TestRunner" name="runScenario" time="15.516"/>
</testsuite> <!-- testrunner1.TestRunner -->
