<?xml version="1.0" encoding="UTF-8"?>
<!-- Generated by org.testng.reporters.JUnitReportReporter -->
<testsuite hostname="AAPUs-MacBook-Air.local" failures="0" tests="1" name="testrunner1.TestRunner" time="17.908" errors="0" timestamp="2025-07-15T23:06:33 EDT" skipped="0">
  <testcase classname="testrunner1.TestRunner" name="runScenario" time="17.908"/>
</testsuite> <!-- testrunner1.TestRunner -->
